Base path: 'C:/Program Files/Unity/Hub/Editor/2019.4.10f1/Editor/Data', plugins path 'C:/Program Files/Unity/Hub/Editor/2019.4.10f1/Editor/Data/PlaybackEngines'
Cmd: initializeCompiler
Cmd: preprocessCompute
  insize=6382 outsize=6384 ok=1
Cmd: preprocessCompute
  insize=5844 outsize=5846 ok=1
Cmd: preprocess
  insize=39535 outsize=631 ok=1
Cmd: preprocessCompute
  insize=1970 outsize=1972 ok=1
Cmd: preprocess
  insize=68803 outsize=3372 ok=1
Cmd: preprocessCompute
  insize=6382 outsize=6384 ok=1
Cmd: preprocessCompute
  insize=5844 outsize=5846 ok=1
Cmd: preprocess
  insize=39535 outsize=631 ok=1
Cmd: preprocessCompute
  insize=1970 outsize=1972 ok=1
Cmd: preprocessCompute
  insize=6348 outsize=6350 ok=1
Cmd: preprocessCompute
  insize=5844 outsize=5846 ok=1
Cmd: preprocess
  insize=39535 outsize=631 ok=1
Cmd: preprocessCompute
  insize=1970 outsize=1972 ok=1
Cmd: preprocessCompute
  insize=6374 outsize=6376 ok=1
Cmd: preprocessCompute
  insize=5816 outsize=5818 ok=1
Cmd: preprocess
  insize=39499 outsize=630 ok=1
Cmd: preprocessCompute
  insize=1968 outsize=1970 ok=1
Cmd: preprocessCompute
  insize=6348 outsize=6350 ok=1
Cmd: preprocessCompute
  insize=5844 outsize=5846 ok=1
Cmd: preprocess
  insize=39535 outsize=631 ok=1
Cmd: preprocessCompute
  insize=1970 outsize=1972 ok=1
Cmd: preprocessCompute
  insize=6374 outsize=6376 ok=1
Cmd: preprocessCompute
  insize=5816 outsize=5818 ok=1
Cmd: preprocess
  insize=39499 outsize=630 ok=1
Cmd: preprocessCompute
  insize=1968 outsize=1970 ok=1
Cmd: preprocessCompute
  insize=6348 outsize=6350 ok=1
Cmd: preprocessCompute
  insize=5844 outsize=5846 ok=1
Cmd: preprocess
  insize=39535 outsize=631 ok=1
Cmd: preprocessCompute
  insize=1970 outsize=1972 ok=1
Cmd: preprocessCompute
  insize=6382 outsize=6384 ok=1
Cmd: preprocessCompute
  insize=5844 outsize=5846 ok=1
Cmd: preprocess
  insize=39535 outsize=631 ok=1
Cmd: preprocessCompute
  insize=1970 outsize=1972 ok=1
Cmd: preprocessCompute
  insize=6340 outsize=6342 ok=1
Cmd: preprocessCompute
  insize=5816 outsize=5818 ok=1
Cmd: preprocess
  insize=39499 outsize=630 ok=1
Cmd: preprocessCompute
  insize=1968 outsize=1970 ok=1
Cmd: preprocessCompute
  insize=6338 outsize=6340 ok=1
Cmd: compileComputeKernel
  api=4 insize=6340 outsize=2195 ok=1
Cmd: preprocessCompute
  insize=5776 outsize=5778 ok=1
Cmd: compileComputeKernel
  api=4 insize=5778 outsize=1402 ok=1
Cmd: preprocess
  insize=39410 outsize=616 ok=1
Cmd: preprocessCompute
  insize=6382 outsize=6384 ok=1
Cmd: preprocessCompute
  insize=5844 outsize=5846 ok=1
Cmd: preprocess
  insize=39535 outsize=631 ok=1
Cmd: preprocessCompute
  insize=1970 outsize=1972 ok=1
Cmd: preprocessCompute
  insize=6338 outsize=6340 ok=1
Cmd: preprocessCompute
  insize=5776 outsize=5778 ok=1
Cmd: preprocess
  insize=39410 outsize=616 ok=1
Cmd: preprocessCompute
  insize=6338 outsize=6340 ok=1
Cmd: preprocessCompute
  insize=5776 outsize=5778 ok=1
Cmd: preprocess
  insize=39410 outsize=616 ok=1
Cmd: preprocessCompute
  insize=6346 outsize=6348 ok=1
Cmd: compileComputeKernel
  api=4 insize=6348 outsize=2195 ok=1
Cmd: preprocessCompute
  insize=5804 outsize=5806 ok=1
Cmd: compileComputeKernel
  api=4 insize=5806 outsize=1402 ok=1
Cmd: preprocess
  insize=39446 outsize=617 ok=1
Cmd: preprocessCompute
  insize=7429 outsize=7431 ok=1
Cmd: compileComputeKernel
  api=4 insize=7431 outsize=2833 ok=1
Cmd: preprocessCompute
  insize=5804 outsize=5806 ok=1
Cmd: compileComputeKernel
  api=4 insize=5806 outsize=1402 ok=1
Cmd: preprocess
  insize=40046 outsize=618 ok=1
Cmd: preprocessCompute
  insize=6880 outsize=6882 ok=1
Cmd: compileComputeKernel
  api=4 insize=6882 outsize=2477 ok=1
Cmd: preprocessCompute
  insize=5804 outsize=5806 ok=1
Cmd: compileComputeKernel
  api=4 insize=5806 outsize=1402 ok=1
Cmd: preprocess
  insize=39646 outsize=618 ok=1
Cmd: preprocessCompute
  insize=6880 outsize=6882 ok=1
Cmd: preprocessCompute
  insize=5804 outsize=5806 ok=1
Cmd: preprocess
  insize=39646 outsize=618 ok=1
Cmd: preprocessCompute
  insize=6880 outsize=6882 ok=1
Cmd: preprocessCompute
  insize=5804 outsize=5806 ok=1
Cmd: preprocess
  insize=39646 outsize=618 ok=1
Cmd: preprocessCompute
  insize=6880 outsize=6882 ok=1
Cmd: preprocessCompute
  insize=5804 outsize=5806 ok=1
Cmd: preprocess
  insize=39646 outsize=618 ok=1
Cmd: preprocessCompute
  insize=6880 outsize=6882 ok=1
Cmd: preprocessCompute
  insize=5804 outsize=5806 ok=1
Cmd: preprocess
  insize=39646 outsize=618 ok=1
Cmd: preprocessCompute
  insize=6880 outsize=6882 ok=1
Cmd: preprocessCompute
  insize=5804 outsize=5806 ok=1
Cmd: preprocess
  insize=39646 outsize=618 ok=1
Cmd: preprocessCompute
  insize=6880 outsize=6882 ok=1
Cmd: preprocessCompute
  insize=5804 outsize=5806 ok=1
Cmd: preprocess
  insize=39646 outsize=618 ok=1
Cmd: preprocessCompute
  insize=6880 outsize=6882 ok=1
Cmd: preprocessCompute
  insize=5804 outsize=5806 ok=1
Cmd: preprocess
  insize=39646 outsize=618 ok=1
Cmd: preprocessCompute
  insize=6880 outsize=6882 ok=1
Cmd: preprocessCompute
  insize=5804 outsize=5806 ok=1
Cmd: preprocess
  insize=39646 outsize=618 ok=1
Cmd: preprocessCompute
  insize=6880 outsize=6882 ok=1
Cmd: preprocessCompute
  insize=5804 outsize=5806 ok=1
Cmd: preprocess
  insize=39646 outsize=618 ok=1
Cmd: preprocessCompute
  insize=6880 outsize=6882 ok=1
Cmd: preprocessCompute
  insize=5804 outsize=5806 ok=1
Cmd: preprocess
  insize=39646 outsize=618 ok=1
Cmd: preprocessCompute
  insize=6880 outsize=6882 ok=1
Cmd: preprocessCompute
  insize=5804 outsize=5806 ok=1
Cmd: preprocess
  insize=39646 outsize=618 ok=1
Cmd: preprocessCompute
  insize=6880 outsize=6882 ok=1
Cmd: preprocessCompute
  insize=5804 outsize=5806 ok=1
Cmd: preprocess
  insize=39646 outsize=618 ok=1
Cmd: preprocessCompute
  insize=6880 outsize=6882 ok=1
Cmd: preprocessCompute
  insize=5804 outsize=5806 ok=1
Cmd: preprocess
  insize=39646 outsize=618 ok=1
Cmd: preprocessCompute
  insize=6880 outsize=6882 ok=1
Cmd: preprocessCompute
  insize=5804 outsize=5806 ok=1
Cmd: preprocess
  insize=39646 outsize=618 ok=1
Cmd: preprocessCompute
  insize=6880 outsize=6882 ok=1
Cmd: preprocessCompute
  insize=5804 outsize=5806 ok=1
Cmd: preprocess
  insize=39646 outsize=618 ok=1
Cmd: preprocessCompute
  insize=6880 outsize=6882 ok=1
Cmd: preprocessCompute
  insize=5804 outsize=5806 ok=1
Cmd: preprocess
  insize=39646 outsize=618 ok=1
Cmd: preprocessCompute
  insize=6880 outsize=6882 ok=1
Cmd: preprocessCompute
  insize=5804 outsize=5806 ok=1
Cmd: preprocess
  insize=39646 outsize=618 ok=1
Cmd: preprocessCompute
  insize=6880 outsize=6882 ok=1
Cmd: preprocessCompute
  insize=5804 outsize=5806 ok=1
Cmd: preprocess
  insize=39646 outsize=618 ok=1
Cmd: preprocessCompute
  insize=6880 outsize=6882 ok=1
Cmd: preprocessCompute
  insize=5804 outsize=5806 ok=1
Cmd: preprocess
  insize=39646 outsize=618 ok=1
Cmd: preprocessCompute
  insize=6880 outsize=6882 ok=1
Cmd: preprocessCompute
  insize=5804 outsize=5806 ok=1
Cmd: preprocess
  insize=39646 outsize=618 ok=1
Cmd: preprocessCompute
  insize=6880 outsize=6882 ok=1
Cmd: preprocessCompute
  insize=5804 outsize=5806 ok=1
Cmd: preprocess
  insize=39646 outsize=618 ok=1
Cmd: preprocessCompute
  insize=6880 outsize=6882 ok=1
Cmd: preprocessCompute
  insize=5804 outsize=5806 ok=1
Cmd: preprocess
  insize=39646 outsize=618 ok=1
Cmd: preprocessCompute
  insize=6880 outsize=6882 ok=1
Cmd: preprocessCompute
  insize=5804 outsize=5806 ok=1
Cmd: preprocess
  insize=39646 outsize=618 ok=1
Cmd: preprocessCompute
  insize=6880 outsize=6882 ok=1
Cmd: preprocessCompute
  insize=5804 outsize=5806 ok=1
Cmd: preprocess
  insize=39646 outsize=618 ok=1
Cmd: preprocessCompute
  insize=6880 outsize=6882 ok=1
Cmd: preprocessCompute
  insize=5804 outsize=5806 ok=1
Cmd: preprocess
  insize=39646 outsize=618 ok=1
Cmd: preprocessCompute
  insize=6880 outsize=6882 ok=1
Cmd: preprocessCompute
  insize=5804 outsize=5806 ok=1
Cmd: preprocess
  insize=39646 outsize=618 ok=1
Cmd: preprocessCompute
  insize=6880 outsize=6882 ok=1
Cmd: preprocessCompute
  insize=5804 outsize=5806 ok=1
Cmd: preprocess
  insize=39646 outsize=618 ok=1
Cmd: preprocessCompute
  insize=6880 outsize=6882 ok=1
Cmd: preprocessCompute
  insize=5804 outsize=5806 ok=1
Cmd: preprocess
  insize=39646 outsize=618 ok=1
Cmd: preprocessCompute
  insize=6880 outsize=6882 ok=1
Cmd: preprocessCompute
  insize=5804 outsize=5806 ok=1
Cmd: preprocess
  insize=39646 outsize=618 ok=1
Cmd: preprocessCompute
  insize=6880 outsize=6882 ok=1
Cmd: preprocessCompute
  insize=5804 outsize=5806 ok=1
Cmd: preprocess
  insize=39646 outsize=618 ok=1
Cmd: preprocessCompute
  insize=6880 outsize=6882 ok=1
Cmd: preprocessCompute
  insize=5804 outsize=5806 ok=1
Cmd: preprocess
  insize=39646 outsize=618 ok=1
Cmd: preprocessCompute
  insize=6880 outsize=6882 ok=1
Cmd: preprocessCompute
  insize=5804 outsize=5806 ok=1
Cmd: preprocess
  insize=39646 outsize=618 ok=1
Cmd: preprocessCompute
  insize=6880 outsize=6882 ok=1
Cmd: preprocessCompute
  insize=5804 outsize=5806 ok=1
Cmd: preprocess
  insize=39646 outsize=618 ok=1
Cmd: preprocessCompute
  insize=6880 outsize=6882 ok=1
Cmd: preprocessCompute
  insize=5804 outsize=5806 ok=1
Cmd: preprocess
  insize=39646 outsize=618 ok=1
Cmd: preprocessCompute
  insize=6880 outsize=6882 ok=1
Cmd: preprocessCompute
  insize=5804 outsize=5806 ok=1
Cmd: preprocess
  insize=39646 outsize=618 ok=1
Cmd: preprocessCompute
  insize=6880 outsize=6882 ok=1
Cmd: preprocessCompute
  insize=5804 outsize=5806 ok=1
Cmd: preprocess
  insize=39646 outsize=618 ok=1
Cmd: preprocessCompute
  insize=6880 outsize=6882 ok=1
Cmd: preprocessCompute
  insize=5804 outsize=5806 ok=1
Cmd: preprocess
  insize=39646 outsize=618 ok=1
Cmd: preprocessCompute
  insize=6880 outsize=6882 ok=1
Cmd: preprocessCompute
  insize=5804 outsize=5806 ok=1
Cmd: preprocess
  insize=39646 outsize=618 ok=1
Cmd: preprocessCompute
  insize=6880 outsize=6882 ok=1
Cmd: preprocessCompute
  insize=5804 outsize=5806 ok=1
Cmd: preprocess
  insize=39646 outsize=618 ok=1
Cmd: preprocessCompute
  insize=6880 outsize=6882 ok=1
Cmd: preprocessCompute
  insize=5804 outsize=5806 ok=1
Cmd: preprocess
  insize=39646 outsize=618 ok=1
Cmd: preprocessCompute
  insize=7079 outsize=7081 ok=1
Cmd: compileComputeKernel
  api=4 insize=7081 outsize=2533 ok=1
Cmd: preprocessCompute
  insize=6949 outsize=6951 ok=1
Cmd: compileComputeKernel
  api=4 insize=6951 outsize=1572 ok=1
Cmd: preprocess
  insize=39646 outsize=618 ok=1
Cmd: preprocessCompute
  insize=7079 outsize=7081 ok=1
Cmd: preprocessCompute
  insize=7002 outsize=7004 ok=1
Cmd: compileComputeKernel
  api=4 insize=7004 outsize=1572 ok=1
Cmd: preprocess
  insize=39646 outsize=618 ok=1
Cmd: preprocessCompute
  insize=7079 outsize=7081 ok=1
Cmd: preprocessCompute
  insize=7350 outsize=7352 ok=1
Cmd: compileComputeKernel
  api=4 insize=7352 outsize=1994 ok=1
Cmd: preprocess
  insize=39646 outsize=618 ok=1
Cmd: preprocessCompute
  insize=4204 outsize=4206 ok=1
Cmd: compileComputeKernel
  api=4 insize=4206 outsize=223 ok=1
Cmd: preprocessCompute
  insize=3485 outsize=3487 ok=1
Cmd: compileComputeKernel
  api=4 insize=3487 outsize=659 ok=1
Cmd: preprocess
  insize=34924 outsize=630 ok=1
Cmd: preprocessCompute
  insize=1896 outsize=1898 ok=1
Cmd: compileComputeKernel
  api=4 insize=1898 outsize=1006 ok=1
Cmd: preprocessCompute
  insize=7079 outsize=7081 ok=1
Cmd: preprocessCompute
  insize=7350 outsize=7352 ok=1
Cmd: preprocess
  insize=39646 outsize=618 ok=1
Cmd: preprocessCompute
  insize=4204 outsize=4206 ok=1
Cmd: preprocessCompute
  insize=3453 outsize=3455 ok=1
Cmd: compileComputeKernel
  api=4 insize=3455 outsize=223 ok=1
Cmd: preprocess
  insize=34875 outsize=617 ok=1
Cmd: preprocessCompute
  insize=7079 outsize=7081 ok=1
Cmd: preprocessCompute
  insize=7350 outsize=7352 ok=1
Cmd: preprocess
  insize=39646 outsize=618 ok=1
Cmd: preprocessCompute
  insize=5206 outsize=5208 ok=1
Cmd: compileComputeKernel
  api=4 insize=5208 outsize=1768 ok=1
Cmd: preprocessCompute
  insize=4876 outsize=4878 ok=1
Cmd: compileComputeKernel
  api=4 insize=4878 outsize=1154 ok=1
Cmd: preprocess
  insize=35031 outsize=617 ok=1
Cmd: preprocessCompute
  insize=7079 outsize=7081 ok=1
Cmd: preprocessCompute
  insize=7350 outsize=7352 ok=1
Cmd: preprocess
  insize=39646 outsize=618 ok=1
Cmd: preprocessCompute
  insize=5685 outsize=5687 ok=1
Cmd: compileComputeKernel
  api=4 insize=5687 outsize=2010 ok=1
Cmd: preprocessCompute
  insize=4880 outsize=4882 ok=1
Cmd: compileComputeKernel
  api=4 insize=4882 outsize=1154 ok=1
Cmd: preprocess
  insize=35187 outsize=617 ok=1
Cmd: preprocessCompute
  insize=7079 outsize=7081 ok=1
Cmd: preprocessCompute
  insize=7350 outsize=7352 ok=1
Cmd: preprocess
  insize=39646 outsize=618 ok=1
Cmd: preprocessCompute
  insize=7495 outsize=7497 ok=1
Cmd: compileComputeKernel
  api=4 insize=7497 outsize=2708 ok=1
Cmd: preprocessCompute
  insize=7521 outsize=7523 ok=1
Cmd: compileComputeKernel
  api=4 insize=7523 outsize=1698 ok=1
Cmd: preprocess
  insize=35779 outsize=618 ok=1
Cmd: preprocessCompute
  insize=7079 outsize=7081 ok=1
Cmd: preprocessCompute
  insize=7350 outsize=7352 ok=1
Cmd: preprocess
  insize=39646 outsize=618 ok=1
Cmd: preprocessCompute
  insize=7582 outsize=7584 ok=1
Cmd: compileComputeKernel
  api=4 insize=7584 outsize=2708 ok=1
Cmd: preprocessCompute
  insize=7521 outsize=7523 ok=1
Cmd: compileComputeKernel
  api=4 insize=7523 outsize=1698 ok=1
Cmd: preprocess
  insize=36832 outsize=617 ok=1
Cmd: preprocessCompute
  insize=7079 outsize=7081 ok=1
Cmd: preprocessCompute
  insize=7350 outsize=7352 ok=1
Cmd: preprocess
  insize=39646 outsize=618 ok=1
Cmd: preprocessCompute
  insize=7495 outsize=7497 ok=1
Cmd: preprocessCompute
  insize=7521 outsize=7523 ok=1
Cmd: preprocess
  insize=35779 outsize=618 ok=1
Cmd: preprocessCompute
  insize=7079 outsize=7081 ok=1
Cmd: preprocessCompute
  insize=7350 outsize=7352 ok=1
Cmd: preprocess
  insize=39646 outsize=618 ok=1
Cmd: preprocessCompute
  insize=7500 outsize=7502 ok=1
Cmd: compileComputeKernel
  api=4 insize=7502 outsize=2704 ok=1
Cmd: preprocessCompute
  insize=7533 outsize=7535 ok=1
Cmd: compileComputeKernel
  api=4 insize=7535 outsize=1590 ok=1
Cmd: preprocess
  insize=37562 outsize=618 ok=1
Cmd: preprocessCompute
  insize=7079 outsize=7081 ok=1
Cmd: preprocessCompute
  insize=7350 outsize=7352 ok=1
Cmd: preprocess
  insize=39646 outsize=618 ok=1
Cmd: preprocessCompute
  insize=7500 outsize=7502 ok=1
Cmd: preprocessCompute
  insize=7533 outsize=7535 ok=1
Cmd: preprocess
  insize=38724 outsize=617 ok=1
Cmd: preprocessCompute
  insize=7079 outsize=7081 ok=1
Cmd: preprocessCompute
  insize=7350 outsize=7352 ok=1
Cmd: preprocess
  insize=39646 outsize=618 ok=1
Cmd: preprocessCompute
  insize=7500 outsize=7502 ok=1
Cmd: preprocessCompute
  insize=7533 outsize=7535 ok=1
Cmd: preprocess
  insize=38724 outsize=617 ok=1
Cmd: preprocessCompute
  insize=7079 outsize=7081 ok=1
Cmd: preprocessCompute
  insize=7350 outsize=7352 ok=1
Cmd: preprocess
  insize=39646 outsize=618 ok=1
Cmd: preprocessCompute
  insize=7500 outsize=7502 ok=1
Cmd: preprocessCompute
  insize=7533 outsize=7535 ok=1
Cmd: preprocess
  insize=38724 outsize=617 ok=1
Cmd: preprocessCompute
  insize=7079 outsize=7081 ok=1
Cmd: preprocessCompute
  insize=7350 outsize=7352 ok=1
Cmd: preprocess
  insize=39646 outsize=618 ok=1
Cmd: preprocessCompute
  insize=5685 outsize=5687 ok=1
Cmd: compileComputeKernel
  api=4 insize=5687 outsize=2006 ok=1
Cmd: preprocessCompute
  insize=4880 outsize=4882 ok=1
Cmd: compileComputeKernel
  api=4 insize=4882 outsize=1210 ok=1
Cmd: preprocess
  insize=38136 outsize=618 ok=1
Cmd: preprocessCompute
  insize=7079 outsize=7081 ok=1
Cmd: preprocessCompute
  insize=7350 outsize=7352 ok=1
Cmd: preprocess
  insize=39646 outsize=618 ok=1
Cmd: preprocessCompute
  insize=6441 outsize=6443 ok=1
Cmd: compileComputeKernel
  api=4 insize=6443 outsize=2540 ok=1
Cmd: preprocessCompute
  insize=5790 outsize=5792 ok=1
Cmd: compileComputeKernel
  api=4 insize=5792 outsize=1402 ok=1
Cmd: preprocess
  insize=38394 outsize=618 ok=1
Cmd: preprocessCompute
  insize=7079 outsize=7081 ok=1
Cmd: preprocessCompute
  insize=7350 outsize=7352 ok=1
Cmd: preprocess
  insize=39646 outsize=618 ok=1
Cmd: preprocessCompute
  insize=6441 outsize=6443 ok=1
Cmd: preprocessCompute
  insize=5790 outsize=5792 ok=1
Cmd: preprocess
  insize=38394 outsize=618 ok=1
Cmd: preprocessCompute
  insize=7079 outsize=7081 ok=1
Cmd: preprocessCompute
  insize=7350 outsize=7352 ok=1
Cmd: preprocess
  insize=39646 outsize=618 ok=1
Cmd: preprocessCompute
  insize=6441 outsize=6443 ok=1
Cmd: preprocessCompute
  insize=5790 outsize=5792 ok=1
Cmd: preprocess
  insize=38394 outsize=618 ok=1
Cmd: preprocessCompute
  insize=7079 outsize=7081 ok=1
Cmd: preprocessCompute
  insize=7350 outsize=7352 ok=1
Cmd: preprocess
  insize=39646 outsize=618 ok=1
Cmd: preprocessCompute
  insize=6441 outsize=6443 ok=1
Cmd: compileComputeKernel
  api=4 insize=6443 outsize=2552 ok=1
Cmd: preprocessCompute
  insize=6455 outsize=6457 ok=1
Cmd: compileComputeKernel
  api=4 insize=6457 outsize=1390 ok=1
Cmd: preprocess
  insize=38394 outsize=617 ok=1
Cmd: preprocessCompute
  insize=7079 outsize=7081 ok=1
Cmd: preprocessCompute
  insize=7350 outsize=7352 ok=1
Cmd: preprocess
  insize=39646 outsize=618 ok=1
Cmd: preprocessCompute
  insize=6441 outsize=6443 ok=1
Cmd: preprocessCompute
  insize=6508 outsize=6510 ok=1
Cmd: compileComputeKernel
  api=4 insize=6510 outsize=1390 ok=1
Cmd: preprocess
  insize=38394 outsize=617 ok=1
Cmd: preprocessCompute
  insize=7079 outsize=7081 ok=1
Cmd: preprocessCompute
  insize=7350 outsize=7352 ok=1
Cmd: preprocess
  insize=39646 outsize=618 ok=1
Cmd: preprocessCompute
  insize=6441 outsize=6443 ok=1
Cmd: preprocessCompute
  insize=6856 outsize=6858 ok=1
Cmd: compileComputeKernel
  api=4 insize=6858 outsize=1807 ok=1
Cmd: preprocess
  insize=38394 outsize=617 ok=1
Cmd: preprocessCompute
  insize=4204 outsize=4206 ok=1
Cmd: preprocessCompute
  insize=3485 outsize=3487 ok=1
Cmd: preprocess
  insize=34924 outsize=630 ok=1
Cmd: preprocessCompute
  insize=1896 outsize=1898 ok=1
Cmd: preprocessCompute
  insize=7079 outsize=7081 ok=1
Cmd: preprocessCompute
  insize=7350 outsize=7352 ok=1
Cmd: preprocess
  insize=39646 outsize=618 ok=1
Cmd: preprocessCompute
  insize=6441 outsize=6443 ok=1
Cmd: preprocessCompute
  insize=6856 outsize=6858 ok=1
Cmd: preprocess
  insize=38394 outsize=617 ok=1
Cmd: preprocessCompute
  insize=4204 outsize=4206 ok=1
Cmd: preprocessCompute
  insize=3453 outsize=3455 ok=1
Cmd: preprocess
  insize=34875 outsize=617 ok=1
Cmd: preprocessCompute
  insize=7079 outsize=7081 ok=1
Cmd: preprocessCompute
  insize=7350 outsize=7352 ok=1
Cmd: preprocess
  insize=39646 outsize=618 ok=1
Cmd: preprocessCompute
  insize=6441 outsize=6443 ok=1
Cmd: preprocessCompute
  insize=6856 outsize=6858 ok=1
Cmd: preprocess
  insize=38394 outsize=617 ok=1
Cmd: preprocessCompute
  insize=4846 outsize=4848 ok=1
Cmd: compileComputeKernel
  api=4 insize=4848 outsize=1514 ok=1
Cmd: preprocessCompute
  insize=3453 outsize=3455 ok=1
Cmd: preprocess
  insize=35023 outsize=617 ok=1
Cmd: preprocessCompute
  insize=7079 outsize=7081 ok=1
Cmd: preprocessCompute
  insize=7350 outsize=7352 ok=1
Cmd: preprocess
  insize=39646 outsize=618 ok=1
Cmd: preprocessCompute
  insize=6441 outsize=6443 ok=1
Cmd: preprocessCompute
  insize=6856 outsize=6858 ok=1
Cmd: preprocess
  insize=38394 outsize=617 ok=1
Cmd: preprocessCompute
  insize=5685 outsize=5687 ok=1
Cmd: compileComputeKernel
  api=4 insize=5687 outsize=2010 ok=1
Cmd: preprocessCompute
  insize=4882 outsize=4884 ok=1
Cmd: compileComputeKernel
  api=4 insize=4884 outsize=1166 ok=1
Cmd: preprocess
  insize=35183 outsize=618 ok=1
Cmd: preprocessCompute
  insize=7079 outsize=7081 ok=1
Cmd: preprocessCompute
  insize=7350 outsize=7352 ok=1
Cmd: preprocess
  insize=39646 outsize=618 ok=1
Cmd: preprocessCompute
  insize=6441 outsize=6443 ok=1
Cmd: preprocessCompute
  insize=6856 outsize=6858 ok=1
Cmd: preprocess
  insize=38394 outsize=617 ok=1
Cmd: preprocessCompute
  insize=6440 outsize=6442 ok=1
Cmd: compileComputeKernel
  api=4 insize=6442 outsize=2512 ok=1
Cmd: preprocessCompute
  insize=5790 outsize=5792 ok=1
Cmd: compileComputeKernel
  api=4 insize=5792 outsize=1390 ok=1
Cmd: preprocess
  insize=35441 outsize=617 ok=1
Cmd: preprocessCompute
  insize=7079 outsize=7081 ok=1
Cmd: preprocessCompute
  insize=7350 outsize=7352 ok=1
Cmd: preprocess
  insize=39646 outsize=618 ok=1
Cmd: preprocessCompute
  insize=6441 outsize=6443 ok=1
Cmd: preprocessCompute
  insize=6856 outsize=6858 ok=1
Cmd: preprocess
  insize=38394 outsize=617 ok=1
Cmd: preprocessCompute
  insize=6440 outsize=6442 ok=1
Cmd: compileComputeKernel
  api=4 insize=6442 outsize=2568 ok=1
Cmd: preprocessCompute
  insize=5786 outsize=5788 ok=1
Cmd: compileComputeKernel
  api=4 insize=5788 outsize=1406 ok=1
Cmd: preprocess
  insize=35449 outsize=618 ok=1
Cmd: preprocessCompute
  insize=7079 outsize=7081 ok=1
Cmd: preprocessCompute
  insize=7350 outsize=7352 ok=1
Cmd: preprocess
  insize=39646 outsize=618 ok=1
Cmd: preprocessCompute
  insize=6441 outsize=6443 ok=1
Cmd: preprocessCompute
  insize=6856 outsize=6858 ok=1
Cmd: preprocess
  insize=38394 outsize=617 ok=1
Cmd: preprocessCompute
  insize=6440 outsize=6442 ok=1
Cmd: preprocessCompute
  insize=5786 outsize=5788 ok=1
Cmd: preprocess
  insize=35449 outsize=618 ok=1
Cmd: preprocessCompute
  insize=7079 outsize=7081 ok=1
Cmd: preprocessCompute
  insize=7350 outsize=7352 ok=1
Cmd: preprocess
  insize=39646 outsize=618 ok=1
Cmd: preprocessCompute
  insize=6441 outsize=6443 ok=1
Cmd: preprocessCompute
  insize=6856 outsize=6858 ok=1
Cmd: preprocess
  insize=38394 outsize=617 ok=1
Cmd: preprocessCompute
  insize=6440 outsize=6442 ok=1
Cmd: preprocessCompute
  insize=5786 outsize=5788 ok=1
Cmd: preprocess
  insize=35449 outsize=618 ok=1
Cmd: preprocessCompute
  insize=7079 outsize=7081 ok=1
Cmd: preprocessCompute
  insize=7350 outsize=7352 ok=1
Cmd: preprocess
  insize=39646 outsize=618 ok=1
Cmd: preprocessCompute
  insize=6441 outsize=6443 ok=1
Cmd: preprocessCompute
  insize=6856 outsize=6858 ok=1
Cmd: preprocess
  insize=38394 outsize=617 ok=1
Cmd: preprocessCompute
  insize=6440 outsize=6442 ok=1
Cmd: preprocessCompute
  insize=5786 outsize=5788 ok=1
Cmd: preprocess
  insize=35449 outsize=618 ok=1
Cmd: preprocessCompute
  insize=7079 outsize=7081 ok=1
Cmd: preprocessCompute
  insize=7350 outsize=7352 ok=1
Cmd: preprocess
  insize=39646 outsize=618 ok=1
Cmd: preprocessCompute
  insize=6441 outsize=6443 ok=1
Cmd: preprocessCompute
  insize=6856 outsize=6858 ok=1
Cmd: preprocess
  insize=38394 outsize=617 ok=1
Cmd: preprocessCompute
  insize=6440 outsize=6442 ok=1
Cmd: preprocessCompute
  insize=5786 outsize=5788 ok=1
Cmd: preprocess
  insize=35449 outsize=618 ok=1
Cmd: preprocessCompute
  insize=7079 outsize=7081 ok=1
Cmd: preprocessCompute
  insize=7350 outsize=7352 ok=1
Cmd: preprocess
  insize=39646 outsize=618 ok=1
Cmd: preprocessCompute
  insize=6441 outsize=6443 ok=1
Cmd: preprocessCompute
  insize=6856 outsize=6858 ok=1
Cmd: preprocess
  insize=38394 outsize=617 ok=1
Cmd: preprocessCompute
  insize=6440 outsize=6442 ok=1
Cmd: preprocessCompute
  insize=5786 outsize=5788 ok=1
Cmd: preprocess
  insize=35449 outsize=618 ok=1
Cmd: preprocessCompute
  insize=7079 outsize=7081 ok=1
Cmd: preprocessCompute
  insize=7350 outsize=7352 ok=1
Cmd: preprocess
  insize=39646 outsize=618 ok=1
Cmd: preprocessCompute
  insize=6441 outsize=6443 ok=1
Cmd: preprocessCompute
  insize=6856 outsize=6858 ok=1
Cmd: preprocess
  insize=38394 outsize=617 ok=1
Cmd: preprocessCompute
  insize=6440 outsize=6442 ok=1
Cmd: preprocessCompute
  insize=5786 outsize=5788 ok=1
Cmd: preprocess
  insize=35449 outsize=618 ok=1
Cmd: preprocessCompute
  insize=7079 outsize=7081 ok=1
Cmd: preprocessCompute
  insize=7350 outsize=7352 ok=1
Cmd: preprocess
  insize=39646 outsize=618 ok=1
Cmd: preprocessCompute
  insize=6441 outsize=6443 ok=1
Cmd: preprocessCompute
  insize=6856 outsize=6858 ok=1
Cmd: preprocess
  insize=38394 outsize=617 ok=1
Cmd: preprocessCompute
  insize=6440 outsize=6442 ok=1
Cmd: preprocessCompute
  insize=5786 outsize=5788 ok=1
Cmd: preprocess
  insize=35449 outsize=618 ok=1
Cmd: preprocessCompute
  insize=7079 outsize=7081 ok=1
Cmd: preprocessCompute
  insize=7350 outsize=7352 ok=1
Cmd: preprocess
  insize=39646 outsize=618 ok=1
Cmd: preprocessCompute
  insize=6441 outsize=6443 ok=1
Cmd: preprocessCompute
  insize=6856 outsize=6858 ok=1
Cmd: preprocess
  insize=38394 outsize=617 ok=1
Cmd: preprocessCompute
  insize=6440 outsize=6442 ok=1
Cmd: preprocessCompute
  insize=5786 outsize=5788 ok=1
Cmd: preprocess
  insize=35449 outsize=618 ok=1
Cmd: preprocessCompute
  insize=7079 outsize=7081 ok=1
Cmd: preprocessCompute
  insize=7350 outsize=7352 ok=1
Cmd: preprocess
  insize=39646 outsize=618 ok=1
Cmd: preprocessCompute
  insize=6441 outsize=6443 ok=1
Cmd: preprocessCompute
  insize=6856 outsize=6858 ok=1
Cmd: preprocess
  insize=38394 outsize=617 ok=1
Cmd: preprocessCompute
  insize=6440 outsize=6442 ok=1
Cmd: preprocessCompute
  insize=5786 outsize=5788 ok=1
Cmd: preprocess
  insize=35449 outsize=618 ok=1
Cmd: preprocessCompute
  insize=7079 outsize=7081 ok=1
Cmd: preprocessCompute
  insize=7350 outsize=7352 ok=1
Cmd: preprocess
  insize=39646 outsize=618 ok=1
Cmd: preprocessCompute
  insize=6441 outsize=6443 ok=1
Cmd: preprocessCompute
  insize=6856 outsize=6858 ok=1
Cmd: preprocess
  insize=38394 outsize=617 ok=1
Cmd: preprocessCompute
  insize=6440 outsize=6442 ok=1
Cmd: preprocessCompute
  insize=5786 outsize=5788 ok=1
Cmd: preprocess
  insize=35449 outsize=618 ok=1
Cmd: preprocessCompute
  insize=7079 outsize=7081 ok=1
Cmd: preprocessCompute
  insize=7350 outsize=7352 ok=1
Cmd: preprocess
  insize=39646 outsize=618 ok=1
Cmd: preprocessCompute
  insize=6441 outsize=6443 ok=1
Cmd: preprocessCompute
  insize=6856 outsize=6858 ok=1
Cmd: preprocess
  insize=38394 outsize=617 ok=1
Cmd: preprocessCompute
  insize=6440 outsize=6442 ok=1
Cmd: preprocessCompute
  insize=5786 outsize=5788 ok=1
Cmd: preprocess
  insize=35449 outsize=618 ok=1
Cmd: preprocessCompute
  insize=7079 outsize=7081 ok=1
Cmd: preprocessCompute
  insize=7350 outsize=7352 ok=1
Cmd: preprocess
  insize=39646 outsize=618 ok=1
Cmd: preprocessCompute
  insize=6441 outsize=6443 ok=1
Cmd: preprocessCompute
  insize=6856 outsize=6858 ok=1
Cmd: preprocess
  insize=38394 outsize=617 ok=1
Cmd: preprocessCompute
  insize=6440 outsize=6442 ok=1
Cmd: preprocessCompute
  insize=5786 outsize=5788 ok=1
Cmd: preprocess
  insize=35449 outsize=618 ok=1
Cmd: preprocessCompute
  insize=7079 outsize=7081 ok=1
Cmd: preprocessCompute
  insize=7350 outsize=7352 ok=1
Cmd: preprocess
  insize=39646 outsize=618 ok=1
Cmd: preprocessCompute
  insize=6441 outsize=6443 ok=1
Cmd: preprocessCompute
  insize=6856 outsize=6858 ok=1
Cmd: preprocess
  insize=38394 outsize=617 ok=1
Cmd: preprocessCompute
  insize=6440 outsize=6442 ok=1
Cmd: preprocessCompute
  insize=5786 outsize=5788 ok=1
Cmd: preprocess
  insize=35449 outsize=618 ok=1
Cmd: preprocessCompute
  insize=7079 outsize=7081 ok=1
Cmd: preprocessCompute
  insize=7350 outsize=7352 ok=1
Cmd: preprocess
  insize=39646 outsize=618 ok=1
Cmd: preprocessCompute
  insize=6441 outsize=6443 ok=1
Cmd: preprocessCompute
  insize=6856 outsize=6858 ok=1
Cmd: preprocess
  insize=38394 outsize=617 ok=1
Cmd: preprocessCompute
  insize=6440 outsize=6442 ok=1
Cmd: preprocessCompute
  insize=5786 outsize=5788 ok=1
Cmd: preprocess
  insize=35449 outsize=618 ok=1
Cmd: preprocessCompute
  insize=7079 outsize=7081 ok=1
Cmd: preprocessCompute
  insize=7350 outsize=7352 ok=1
Cmd: preprocess
  insize=39646 outsize=618 ok=1
Cmd: preprocessCompute
  insize=6441 outsize=6443 ok=1
Cmd: preprocessCompute
  insize=6856 outsize=6858 ok=1
Cmd: preprocess
  insize=38394 outsize=617 ok=1
Cmd: preprocessCompute
  insize=6440 outsize=6442 ok=1
Cmd: preprocessCompute
  insize=5786 outsize=5788 ok=1
Cmd: preprocess
  insize=35449 outsize=618 ok=1
Cmd: preprocessCompute
  insize=7079 outsize=7081 ok=1
Cmd: preprocessCompute
  insize=7350 outsize=7352 ok=1
Cmd: preprocess
  insize=39646 outsize=618 ok=1
Cmd: preprocessCompute
  insize=6441 outsize=6443 ok=1
Cmd: preprocessCompute
  insize=6856 outsize=6858 ok=1
Cmd: preprocess
  insize=38394 outsize=617 ok=1
Cmd: preprocessCompute
  insize=6440 outsize=6442 ok=1
Cmd: preprocessCompute
  insize=5786 outsize=5788 ok=1
Cmd: preprocess
  insize=35449 outsize=618 ok=1
Cmd: preprocessCompute
  insize=7079 outsize=7081 ok=1
Cmd: preprocessCompute
  insize=7350 outsize=7352 ok=1
Cmd: preprocess
  insize=39646 outsize=618 ok=1
Cmd: preprocessCompute
  insize=6441 outsize=6443 ok=1
Cmd: preprocessCompute
  insize=6856 outsize=6858 ok=1
Cmd: preprocess
  insize=38394 outsize=617 ok=1
Cmd: preprocessCompute
  insize=6440 outsize=6442 ok=1
Cmd: preprocessCompute
  insize=5786 outsize=5788 ok=1
Cmd: preprocess
  insize=35449 outsize=618 ok=1
Cmd: preprocessCompute
  insize=7559 outsize=7561 ok=1
Cmd: compileComputeKernel
  api=4 insize=7561 outsize=2747 ok=1
Cmd: preprocessCompute
  insize=7350 outsize=7352 ok=1
Cmd: compileComputeKernel
  api=4 insize=7352 outsize=1994 ok=1
Cmd: preprocess
  insize=39806 outsize=617 ok=1
Cmd: preprocessCompute
  insize=6441 outsize=6443 ok=1
Cmd: preprocessCompute
  insize=6856 outsize=6858 ok=1
Cmd: preprocess
  insize=38394 outsize=617 ok=1
Cmd: preprocessCompute
  insize=6440 outsize=6442 ok=1
Cmd: preprocessCompute
  insize=5786 outsize=5788 ok=1
Cmd: preprocess
  insize=35449 outsize=618 ok=1
Cmd: preprocessCompute
  insize=7559 outsize=7561 ok=1
Cmd: preprocessCompute
  insize=7350 outsize=7352 ok=1
Cmd: preprocess
  insize=39806 outsize=617 ok=1
Cmd: preprocessCompute
  insize=6441 outsize=6443 ok=1
Cmd: preprocessCompute
  insize=6856 outsize=6858 ok=1
Cmd: preprocess
  insize=38394 outsize=617 ok=1
Cmd: preprocessCompute
  insize=6440 outsize=6442 ok=1
Cmd: preprocessCompute
  insize=5786 outsize=5788 ok=1
Cmd: preprocess
  insize=35449 outsize=618 ok=1
Cmd: preprocessCompute
  insize=7559 outsize=7561 ok=1
Cmd: preprocessCompute
  insize=7350 outsize=7352 ok=1
Cmd: preprocess
  insize=39806 outsize=617 ok=1
Cmd: preprocessCompute
  insize=6441 outsize=6443 ok=1
Cmd: preprocessCompute
  insize=6856 outsize=6858 ok=1
Cmd: preprocess
  insize=38394 outsize=617 ok=1
Cmd: preprocessCompute
  insize=6440 outsize=6442 ok=1
Cmd: preprocessCompute
  insize=5786 outsize=5788 ok=1
Cmd: preprocess
  insize=35449 outsize=618 ok=1
Cmd: preprocessCompute
  insize=7559 outsize=7561 ok=1
Cmd: preprocessCompute
  insize=6949 outsize=6951 ok=1
Cmd: compileComputeKernel
  api=4 insize=6951 outsize=1572 ok=1
Cmd: preprocess
  insize=39806 outsize=617 ok=1
Cmd: preprocessCompute
  insize=6897 outsize=6899 ok=1
Cmd: compileComputeKernel
  api=4 insize=6899 outsize=2552 ok=1
Cmd: preprocessCompute
  insize=6856 outsize=6858 ok=1
Cmd: preprocess
  insize=38394 outsize=617 ok=1
Cmd: preprocessCompute
  insize=6440 outsize=6442 ok=1
Cmd: preprocessCompute
  insize=5786 outsize=5788 ok=1
Cmd: preprocess
  insize=35449 outsize=618 ok=1
Cmd: preprocessCompute
  insize=7559 outsize=7561 ok=1
Cmd: preprocessCompute
  insize=6949 outsize=6951 ok=1
Cmd: preprocess
  insize=39806 outsize=617 ok=1
Cmd: preprocessCompute
  insize=6897 outsize=6899 ok=1
Cmd: preprocessCompute
  insize=6856 outsize=6858 ok=1
Cmd: preprocess
  insize=38394 outsize=617 ok=1
Cmd: preprocessCompute
  insize=6440 outsize=6442 ok=1
Cmd: preprocessCompute
  insize=5786 outsize=5788 ok=1
Cmd: preprocess
  insize=35449 outsize=618 ok=1
Cmd: preprocessCompute
  insize=7559 outsize=7561 ok=1
Cmd: preprocessCompute
  insize=6949 outsize=6951 ok=1
Cmd: preprocess
  insize=39806 outsize=617 ok=1
Cmd: preprocessCompute
  insize=6897 outsize=6899 ok=1
Cmd: preprocessCompute
  insize=6856 outsize=6858 ok=1
Cmd: preprocess
  insize=38394 outsize=617 ok=1
Cmd: preprocessCompute
  insize=6440 outsize=6442 ok=1
Cmd: preprocessCompute
  insize=5786 outsize=5788 ok=1
Cmd: preprocess
  insize=35449 outsize=618 ok=1
Cmd: preprocessCompute
  insize=7559 outsize=7561 ok=1
Cmd: preprocessCompute
  insize=6949 outsize=6951 ok=1
Cmd: preprocess
  insize=39806 outsize=617 ok=1
Cmd: preprocessCompute
  insize=6897 outsize=6899 ok=1
Cmd: preprocessCompute
  insize=6856 outsize=6858 ok=1
Cmd: preprocess
  insize=38394 outsize=617 ok=1
Cmd: preprocessCompute
  insize=6440 outsize=6442 ok=1
Cmd: preprocessCompute
  insize=5786 outsize=5788 ok=1
Cmd: preprocess
  insize=35449 outsize=618 ok=1
Cmd: preprocessCompute
  insize=7079 outsize=7081 ok=1
Cmd: preprocessCompute
  insize=6949 outsize=6951 ok=1
Cmd: preprocess
  insize=39646 outsize=618 ok=1
Cmd: preprocessCompute
  insize=6897 outsize=6899 ok=1
Cmd: preprocessCompute
  insize=6856 outsize=6858 ok=1
Cmd: preprocess
  insize=38394 outsize=617 ok=1
Cmd: preprocessCompute
  insize=6440 outsize=6442 ok=1
Cmd: preprocessCompute
  insize=5786 outsize=5788 ok=1
Cmd: preprocess
  insize=35449 outsize=618 ok=1
Cmd: preprocessCompute
  insize=7079 outsize=7081 ok=1
Cmd: preprocessCompute
  insize=7350 outsize=7352 ok=1
Cmd: preprocess
  insize=39646 outsize=618 ok=1
Cmd: preprocessCompute
  insize=6441 outsize=6443 ok=1
Cmd: preprocessCompute
  insize=6856 outsize=6858 ok=1
Cmd: preprocess
  insize=38394 outsize=617 ok=1
Cmd: preprocessCompute
  insize=6440 outsize=6442 ok=1
Cmd: preprocessCompute
  insize=5786 outsize=5788 ok=1
Cmd: preprocess
  insize=35449 outsize=618 ok=1
Cmd: preprocessCompute
  insize=7079 outsize=7081 ok=1
Cmd: preprocessCompute
  insize=7350 outsize=7352 ok=1
Cmd: preprocess
  insize=39646 outsize=618 ok=1
Cmd: preprocessCompute
  insize=6441 outsize=6443 ok=1
Cmd: preprocessCompute
  insize=6856 outsize=6858 ok=1
Cmd: preprocess
  insize=38394 outsize=617 ok=1
Cmd: preprocessCompute
  insize=6440 outsize=6442 ok=1
Cmd: preprocessCompute
  insize=5786 outsize=5788 ok=1
Cmd: preprocess
  insize=35449 outsize=618 ok=1
Cmd: preprocessCompute
  insize=7079 outsize=7081 ok=1
Cmd: preprocessCompute
  insize=7350 outsize=7352 ok=1
Cmd: preprocess
  insize=39646 outsize=618 ok=1
Cmd: preprocessCompute
  insize=6441 outsize=6443 ok=1
Cmd: preprocessCompute
  insize=6856 outsize=6858 ok=1
Cmd: preprocess
  insize=38394 outsize=617 ok=1
Cmd: preprocessCompute
  insize=6440 outsize=6442 ok=1
Cmd: preprocessCompute
  insize=5786 outsize=5788 ok=1
Cmd: preprocess
  insize=35449 outsize=618 ok=1
Cmd: preprocessCompute
  insize=7079 outsize=7081 ok=1
Cmd: preprocessCompute
  insize=7350 outsize=7352 ok=1
Cmd: preprocess
  insize=39646 outsize=618 ok=1
Cmd: preprocessCompute
  insize=6441 outsize=6443 ok=1
Cmd: preprocessCompute
  insize=6856 outsize=6858 ok=1
Cmd: preprocess
  insize=38394 outsize=617 ok=1
Cmd: preprocessCompute
  insize=6440 outsize=6442 ok=1
Cmd: preprocessCompute
  insize=5786 outsize=5788 ok=1
Cmd: preprocess
  insize=35449 outsize=618 ok=1
Cmd: preprocessCompute
  insize=7079 outsize=7081 ok=1
Cmd: preprocessCompute
  insize=7350 outsize=7352 ok=1
Cmd: preprocess
  insize=39646 outsize=618 ok=1
Cmd: preprocessCompute
  insize=6441 outsize=6443 ok=1
Cmd: preprocessCompute
  insize=6856 outsize=6858 ok=1
Cmd: preprocess
  insize=38394 outsize=617 ok=1
Cmd: preprocessCompute
  insize=6440 outsize=6442 ok=1
Cmd: preprocessCompute
  insize=5786 outsize=5788 ok=1
Cmd: preprocess
  insize=35449 outsize=618 ok=1
Cmd: preprocessCompute
  insize=7079 outsize=7081 ok=1
Cmd: preprocessCompute
  insize=7350 outsize=7352 ok=1
Cmd: preprocess
  insize=39646 outsize=618 ok=1
Cmd: preprocessCompute
  insize=6441 outsize=6443 ok=1
Cmd: preprocessCompute
  insize=6856 outsize=6858 ok=1
Cmd: preprocess
  insize=38394 outsize=617 ok=1
Cmd: preprocessCompute
  insize=6440 outsize=6442 ok=1
Cmd: preprocessCompute
  insize=5786 outsize=5788 ok=1
Cmd: preprocess
  insize=35449 outsize=618 ok=1
Cmd: preprocessCompute
  insize=7079 outsize=7081 ok=1
Cmd: preprocessCompute
  insize=7350 outsize=7352 ok=1
Cmd: preprocess
  insize=39646 outsize=618 ok=1
Cmd: preprocessCompute
  insize=6441 outsize=6443 ok=1
Cmd: preprocessCompute
  insize=6856 outsize=6858 ok=1
Cmd: preprocess
  insize=38394 outsize=617 ok=1
Cmd: preprocessCompute
  insize=6440 outsize=6442 ok=1
Cmd: preprocessCompute
  insize=5786 outsize=5788 ok=1
Cmd: preprocess
  insize=35449 outsize=618 ok=1
Cmd: preprocessCompute
  insize=7079 outsize=7081 ok=1
Cmd: preprocessCompute
  insize=7350 outsize=7352 ok=1
Cmd: preprocess
  insize=39646 outsize=618 ok=1
Cmd: preprocessCompute
  insize=6441 outsize=6443 ok=1
Cmd: preprocessCompute
  insize=6856 outsize=6858 ok=1
Cmd: preprocess
  insize=38394 outsize=617 ok=1
Cmd: preprocessCompute
  insize=6440 outsize=6442 ok=1
Cmd: preprocessCompute
  insize=5786 outsize=5788 ok=1
Cmd: preprocess
  insize=35449 outsize=618 ok=1
Cmd: preprocessCompute
  insize=7079 outsize=7081 ok=1
Cmd: preprocessCompute
  insize=7350 outsize=7352 ok=1
Cmd: preprocess
  insize=39646 outsize=618 ok=1
Cmd: preprocessCompute
  insize=6441 outsize=6443 ok=1
Cmd: preprocessCompute
  insize=6856 outsize=6858 ok=1
Cmd: preprocess
  insize=38394 outsize=617 ok=1
Cmd: preprocessCompute
  insize=6440 outsize=6442 ok=1
Cmd: preprocessCompute
  insize=5786 outsize=5788 ok=1
Cmd: preprocess
  insize=35449 outsize=618 ok=1
Cmd: preprocessCompute
  insize=7079 outsize=7081 ok=1
Cmd: preprocessCompute
  insize=7350 outsize=7352 ok=1
Cmd: preprocess
  insize=39646 outsize=618 ok=1
Cmd: preprocessCompute
  insize=6441 outsize=6443 ok=1
Cmd: preprocessCompute
  insize=6856 outsize=6858 ok=1
Cmd: preprocess
  insize=38394 outsize=617 ok=1
Cmd: preprocessCompute
  insize=6440 outsize=6442 ok=1
Cmd: preprocessCompute
  insize=5786 outsize=5788 ok=1
Cmd: preprocess
  insize=35449 outsize=618 ok=1
Cmd: preprocessCompute
  insize=7079 outsize=7081 ok=1
Cmd: preprocessCompute
  insize=7350 outsize=7352 ok=1
Cmd: preprocess
  insize=39646 outsize=618 ok=1
Cmd: preprocessCompute
  insize=6441 outsize=6443 ok=1
Cmd: preprocessCompute
  insize=6856 outsize=6858 ok=1
Cmd: preprocess
  insize=38394 outsize=617 ok=1
Cmd: preprocessCompute
  insize=6440 outsize=6442 ok=1
Cmd: preprocessCompute
  insize=5786 outsize=5788 ok=1
Cmd: preprocess
  insize=35449 outsize=618 ok=1
Cmd: preprocessCompute
  insize=7079 outsize=7081 ok=1
Cmd: preprocessCompute
  insize=7350 outsize=7352 ok=1
Cmd: preprocess
  insize=39646 outsize=618 ok=1
Cmd: preprocessCompute
  insize=6441 outsize=6443 ok=1
Cmd: preprocessCompute
  insize=6856 outsize=6858 ok=1
Cmd: preprocess
  insize=38394 outsize=617 ok=1
Cmd: preprocessCompute
  insize=6440 outsize=6442 ok=1
Cmd: preprocessCompute
  insize=5786 outsize=5788 ok=1
Cmd: preprocess
  insize=35449 outsize=618 ok=1
Cmd: preprocessCompute
  insize=7079 outsize=7081 ok=1
Cmd: preprocessCompute
  insize=7350 outsize=7352 ok=1
Cmd: preprocess
  insize=39646 outsize=618 ok=1
Cmd: preprocessCompute
  insize=6441 outsize=6443 ok=1
Cmd: preprocessCompute
  insize=6856 outsize=6858 ok=1
Cmd: preprocess
  insize=38394 outsize=617 ok=1
Cmd: preprocessCompute
  insize=6440 outsize=6442 ok=1
Cmd: preprocessCompute
  insize=5786 outsize=5788 ok=1
Cmd: preprocess
  insize=35449 outsize=618 ok=1
Cmd: preprocessCompute
  insize=7079 outsize=7081 ok=1
Cmd: preprocessCompute
  insize=7350 outsize=7352 ok=1
Cmd: preprocess
  insize=39646 outsize=618 ok=1
Cmd: preprocessCompute
  insize=6441 outsize=6443 ok=1
Cmd: preprocessCompute
  insize=6856 outsize=6858 ok=1
Cmd: preprocess
  insize=38394 outsize=617 ok=1
Cmd: preprocessCompute
  insize=6440 outsize=6442 ok=1
Cmd: preprocessCompute
  insize=5786 outsize=5788 ok=1
Cmd: preprocess
  insize=35449 outsize=618 ok=1
Cmd: preprocessCompute
  insize=7079 outsize=7081 ok=1
Cmd: preprocessCompute
  insize=7350 outsize=7352 ok=1
Cmd: preprocess
  insize=39646 outsize=618 ok=1
Cmd: preprocessCompute
  insize=6441 outsize=6443 ok=1
Cmd: preprocessCompute
  insize=6856 outsize=6858 ok=1
Cmd: preprocess
  insize=38394 outsize=617 ok=1
Cmd: preprocessCompute
  insize=6440 outsize=6442 ok=1
Cmd: preprocessCompute
  insize=5786 outsize=5788 ok=1
Cmd: preprocess
  insize=35449 outsize=618 ok=1
Cmd: preprocessCompute
  insize=7079 outsize=7081 ok=1
Cmd: preprocessCompute
  insize=7350 outsize=7352 ok=1
Cmd: preprocess
  insize=39646 outsize=618 ok=1
Cmd: preprocessCompute
  insize=6441 outsize=6443 ok=1
Cmd: preprocessCompute
  insize=6856 outsize=6858 ok=1
Cmd: preprocess
  insize=39576 outsize=618 ok=1
Cmd: preprocessCompute
  insize=6440 outsize=6442 ok=1
Cmd: preprocessCompute
  insize=5786 outsize=5788 ok=1
Cmd: preprocess
  insize=35449 outsize=618 ok=1
Cmd: preprocessCompute
  insize=7079 outsize=7081 ok=1
Cmd: preprocessCompute
  insize=7350 outsize=7352 ok=1
Cmd: preprocess
  insize=39646 outsize=618 ok=1
Cmd: preprocessCompute
  insize=6441 outsize=6443 ok=1
Cmd: preprocessCompute
  insize=6856 outsize=6858 ok=1
Cmd: preprocess
  insize=39576 outsize=618 ok=1
Cmd: preprocessCompute
  insize=6440 outsize=6442 ok=1
Cmd: preprocessCompute
  insize=5786 outsize=5788 ok=1
Cmd: preprocess
  insize=36635 outsize=617 ok=1
Cmd: preprocessCompute
  insize=7079 outsize=7081 ok=1
Cmd: preprocessCompute
  insize=7350 outsize=7352 ok=1
Cmd: preprocess
  insize=39646 outsize=618 ok=1
Cmd: preprocessCompute
  insize=6441 outsize=6443 ok=1
Cmd: preprocessCompute
  insize=6856 outsize=6858 ok=1
Cmd: preprocess
  insize=39576 outsize=618 ok=1
Cmd: preprocessCompute
  insize=6440 outsize=6442 ok=1
Cmd: preprocessCompute
  insize=5786 outsize=5788 ok=1
Cmd: preprocess
  insize=36635 outsize=617 ok=1
Cmd: preprocessCompute
  insize=7079 outsize=7081 ok=1
Cmd: preprocessCompute
  insize=7350 outsize=7352 ok=1
Cmd: preprocess
  insize=39646 outsize=618 ok=1
Cmd: preprocessCompute
  insize=6441 outsize=6443 ok=1
Cmd: preprocessCompute
  insize=6856 outsize=6858 ok=1
Cmd: preprocess
  insize=39576 outsize=618 ok=1
Cmd: preprocessCompute
  insize=6440 outsize=6442 ok=1
Cmd: preprocessCompute
  insize=5786 outsize=5788 ok=1
Cmd: preprocess
  insize=36635 outsize=617 ok=1
Cmd: preprocessCompute
  insize=7079 outsize=7081 ok=1
Cmd: preprocessCompute
  insize=7350 outsize=7352 ok=1
Cmd: preprocess
  insize=39646 outsize=618 ok=1
Cmd: preprocessCompute
  insize=6441 outsize=6443 ok=1
Cmd: preprocessCompute
  insize=6856 outsize=6858 ok=1
Cmd: preprocess
  insize=39576 outsize=618 ok=1
Cmd: preprocessCompute
  insize=6440 outsize=6442 ok=1
Cmd: preprocessCompute
  insize=5786 outsize=5788 ok=1
Cmd: preprocess
  insize=36635 outsize=617 ok=1
Cmd: preprocessCompute
  insize=7067 outsize=7069 ok=1
Cmd: compileComputeKernel
  api=4 insize=7069 outsize=2435 ok=1
Cmd: preprocessCompute
  insize=7350 outsize=7352 ok=1
Cmd: preprocess
  insize=39646 outsize=618 ok=1
Cmd: preprocessCompute
  insize=6441 outsize=6443 ok=1
Cmd: preprocessCompute
  insize=6867 outsize=6869 ok=1
Cmd: compileComputeKernel
  api=4 insize=6869 outsize=1772 ok=1
Cmd: preprocess
  insize=39576 outsize=618 ok=1
Cmd: preprocessCompute
  insize=6409 outsize=6411 ok=1
Cmd: compileComputeKernel
  api=4 insize=6411 outsize=2146 ok=1
Cmd: preprocessCompute
  insize=5786 outsize=5788 ok=1
Cmd: preprocess
  insize=36635 outsize=617 ok=1
Cmd: preprocessCompute
  insize=7067 outsize=7069 ok=1
Cmd: preprocessCompute
  insize=7350 outsize=7352 ok=1
Cmd: preprocess
  insize=39646 outsize=618 ok=1
Cmd: preprocessCompute
  insize=6441 outsize=6443 ok=1
Cmd: preprocessCompute
  insize=6867 outsize=6869 ok=1
Cmd: preprocess
  insize=39576 outsize=618 ok=1
Cmd: preprocessCompute
  insize=6409 outsize=6411 ok=1
Cmd: preprocessCompute
  insize=5786 outsize=5788 ok=1
Cmd: preprocess
  insize=36635 outsize=617 ok=1
